<?xml version="1.0" encoding="UTF-8" ?>
<testsuite errors="1" failures="0" hostname="Khan-Jan.local" name="dtu.ws.group8.lameduck.client.LameDuckTest" tests="1" time="3.939" timestamp="2014-11-12T20:08:42">
  <properties>
    <property name="libs.jsp-compiler.javadoc" value="" />
    <property name="netbeans.autoupdate.country" value="DK" />
    <property name="libs.Encoder-HL7.javadoc" value="" />
    <property name="javac.test.classpath" value=":build/classes:/Users/khannoori/OpenESB-v2.3.1/netbeans.app/Contents/Resources/netbeans/platform/modules/ext/junit-4.10.jar" />
    <property name="libs.jsf20.maven-pom" value="" />
    <property name="libs.junit.javadoc" value="/Users/khannoori/OpenESB-v2.3.1/netbeans.app/Contents/Resources/netbeans/java/docs/junit-3.8.2-api.zip" />
    <property name="javac.includes" value="dtu/ws/group8/lameduck/client/LameDuckTest.java" />
    <property name="ant.core.lib" value="/Users/khannoori/OpenESB-v2.3.1/netbeans.app/Contents/Resources/netbeans/java/ant/lib/ant.jar" />
    <property name="javadoc.windowtitle" value="" />
    <property name="libs.jsp-compilation.javadoc" value="" />
    <property name="user.dir" value="/Users/khannoori/NetBeansProjects/LameDuckClient/LameDuckClient" />
    <property name="com.apple.mrj.application.apple.menu.about.name" value="OpenESB IDE" />
    <property name="libs.javaee-api-7.0.src" value="" />
    <property name="libs.hibernate-persistence.javadoc" value="" />
    <property name="java.vm.version" value="20.65-b04-466.1" />
    <property name="libs.jstl11.maven-pom" value="" />
    <property name="libs.JAX-WS-ENDORSED.classpath" value="/Users/khannoori/OpenESB-v2.3.1/netbeans.app/Contents/Resources/netbeans/java/modules/ext/jaxws22/api/jaxws-api.jar:/Users/khannoori/OpenESB-v2.3.1/netbeans.app/Contents/Resources/netbeans/ide/modules/ext/jaxb/jaxb-impl.jar" />
    <property name="libs.MySQLDriver.classpath" value="/Users/khannoori/OpenESB-v2.3.1/netbeans.app/Contents/Resources/netbeans/ide/modules/ext/mysql-connector-java-5.1.23-bin.jar" />
    <property name="libs.eclipselinkmodelgen.src" value="" />
    <property name="ant.file.type.LameDuckClient3-impl" value="file" />
    <property name="libs.jstl11.src" value="" />
    <property name="javadoc.notree" value="false" />
    <property name="netbeans.autoupdate.version" value="1.23" />
    <property name="libs.javaee-web-api-6.0.classpath" value="/Users/khannoori/OpenESB-v2.3.1/netbeans.app/Contents/Resources/netbeans/enterprise/modules/ext/javaee-web-api-6.0.jar" />
    <property name="libs.hibernate-support.maven-pom" value="" />
    <property name="libs.hibernate-support.javadoc" value="" />
    <property name="jdk.home" value="/Library/Java/Home" />
    <property name="libs.javac-api.src" value="" />
    <property name="javadoc.noindex" value="false" />
    <property name="sun.os.patch.level" value="unknown" />
    <property name="do.archive+manifest.available" value="true" />
    <property name="java.vm.specification.name" value="Java Virtual Machine Specification" />
    <property name="libs.Encoder-Custom.javadoc" value="" />
    <property name="nb.show.statistics.ui" value="usageStatisticsEnabled" />
    <property name="netbeans.autoupdate.variant" value="" />
    <property name="have.tests" value="true" />
    <property name="org.xml.sax.driver" value="com.sun.org.apache.xerces.internal.jaxp.SAXParserImpl$JAXPSAXParser" />
    <property name="netbeans.derby.system.home" value="/Users/khannoori/OpenESB-v2.3.1/glassfish/databases" />
    <property name="libs.javac-api.javadoc" value="" />
    <property name="os.name" value="Mac OS X" />
    <property name="libs.beans-binding.classpath" value="/Users/khannoori/OpenESB-v2.3.1/netbeans.app/Contents/Resources/netbeans/java/modules/ext/beansbinding-1.2.1.jar" />
    <property name="libs.javaee-endorsed-api-7.0.maven-pom" value="" />
    <property name="ap.proc.none.internal" value="" />
    <property name="libs.restapi.javadoc" value="/Users/khannoori/OpenESB-v2.3.1/netbeans.app/Contents/Resources/netbeans/enterprise/docs/jsr311-api-1.1.1-javadoc.zip" />
    <property name="mrj.version" value="1070.1.6.0_65-466.1" />
    <property name="libs.JWSAntTasks.maven-pom" value="" />
    <property name="libs.testng.src" value="" />
    <property name="libs.spring-webmvc3.0.src" value="" />
    <property name="libs.restapi.classpath" value="/Users/khannoori/OpenESB-v2.3.1/netbeans.app/Contents/Resources/netbeans/enterprise/modules/ext/rest/jsr311-api-1.1.1.jar" />
    <property name="java.vendor.url.bug" value="http://bugreport.apple.com/" />
    <property name="libs.jaxb.maven-pom" value="" />
    <property name="os.arch" value="x86_64" />
    <property name="libs.Encoder-Custom.classpath" value="/Users/khannoori/OpenESB-v2.3.1/netbeans.app/Contents/Resources/netbeans/soa/modules/ext/custom.jar:/Users/khannoori/OpenESB-v2.3.1/netbeans.app/Contents/Resources/netbeans/soa/modules/ext/customencoder-xsdextension.jar" />
    <property name="libs.eclipselink.src" value="" />
    <property name="user.name" value="khannoori" />
    <property name="libs.jsf12.javadoc" value="/Users/khannoori/OpenESB-v2.3.1/netbeans.app/Contents/Resources/netbeans/enterprise/docs/javaee-doc-api.jar" />
    <property name="copylibs.rebase" value="true" />
    <property name="libs.spring-webmvc3.0.maven-pom" value="" />
    <property name="libs.swing-layout.maven-pom" value="" />
    <property name="sun.java.command" value="org.apache.tools.ant.taskdefs.optional.junit.JUnitTestRunner dtu.ws.group8.lameduck.client.LameDuckTest filtertrace=true haltOnError=false haltOnFailure=false showoutput=true outputtoformatters=true logfailedtests=true logtestlistenerevents=true formatter=org.apache.tools.ant.taskdefs.optional.junit.BriefJUnitResultFormatter formatter=org.apache.tools.ant.taskdefs.optional.junit.XMLJUnitResultFormatter,/Users/khannoori/NetBeansProjects/LameDuckClient/LameDuckClient/build/test/results/TEST-dtu.ws.group8.lameduck.client.LameDuckTest.xml crashfile=/Users/khannoori/NetBeansProjects/LameDuckClient/LameDuckClient/build/junitvmwatcher1036545211202382560.properties propsfile=/Users/khannoori/NetBeansProjects/LameDuckClient/LameDuckClient/build/junit4898615421014999172.properties" />
    <property name="build.classes.dir" value="build/classes" />
    <property name="build.sysclasspath" value="ignore" />
    <property name="ap.supported.internal" value="true" />
    <property name="libs.javaee-endorsed-api-7.0.javadoc" value="/Users/khannoori/OpenESB-v2.3.1/netbeans.app/Contents/Resources/netbeans/enterprise/docs/javaee-doc-api.jar" />
    <property name="libs.jaxws21.javadoc" value="/Users/khannoori/OpenESB-v2.3.1/netbeans.app/Contents/Resources/netbeans/java/docs/jaxws-api-doc.zip" />
    <property name="includes" value="**" />
    <property name="user.country" value="DK" />
    <property name="manifest.file" value="manifest.mf" />
    <property name="libs.jstl11.javadoc" value="/Users/khannoori/OpenESB-v2.3.1/netbeans.app/Contents/Resources/netbeans/enterprise/docs/javaee-doc-api.jar" />
    <property name="javadoc.encoding" value="UTF-8" />
    <property name="javac.classpath" value="" />
    <property name="libs.jsp-compilation-syscp.src" value="" />
    <property name="libs.JAVADB_DRIVER_LABEL.src" value="" />
    <property name="debug-transport" value="dt_socket" />
    <property name="netbeans.system_http_non_proxy_hosts" value="" />
    <property name="netbeans.home" value="/Users/khannoori/OpenESB-v2.3.1/netbeans.app/Contents/Resources/netbeans/platform" />
    <property name="build.compiler.emacs" value="true" />
    <property name="libs.javaee-web-api-6.0.src" value="" />
    <property name="libs.ejb3-persistence.src" value="" />
    <property name="libs.jsp-compilation-syscp.classpath" value="/Users/khannoori/OpenESB-v2.3.1/netbeans.app/Contents/Resources/netbeans/java/ant/lib/ant.jar:/Users/khannoori/OpenESB-v2.3.1/netbeans.app/Contents/Resources/netbeans/enterprise/modules/ext/servlet3.1-jsp2.3-api.jar:/Users/khannoori/OpenESB-v2.3.1/netbeans.app/Contents/Resources/netbeans/enterprise/modules/ext/glassfish-jspparser-4.0.jar:/Users/khannoori/OpenESB-v2.3.1/netbeans.app/Contents/Resources/netbeans/enterprise/modules/ext/standard.jar:/Users/khannoori/OpenESB-v2.3.1/netbeans.app/Contents/Resources/netbeans/enterprise/modules/ext/jsf-2_2/javax.faces.jar" />
    <property name="java.endorsed.dirs" value="/System/Library/Java/JavaVirtualMachines/1.6.0.jdk/Contents/Home/lib/endorsed" />
    <property name="test.includes" value="dtu/ws/group8/lameduck/client/LameDuckTest.java" />
    <property name="netbeans.dynamic.classpath" value="/Users/khannoori/OpenESB-v2.3.1/netbeans.app/Contents/Resources/netbeans/platform/core/core.jar:/Users/khannoori/OpenESB-v2.3.1/netbeans.app/Contents/Resources/netbeans/platform/core/org-openide-filesystems.jar:/Users/khannoori/OpenESB-v2.3.1/netbeans.app/Contents/Resources/netbeans/platform/core/locale/core_ja.jar:/Users/khannoori/OpenESB-v2.3.1/netbeans.app/Contents/Resources/netbeans/platform/core/locale/core_pt_BR.jar:/Users/khannoori/OpenESB-v2.3.1/netbeans.app/Contents/Resources/netbeans/platform/core/locale/core_ru.jar:/Users/khannoori/OpenESB-v2.3.1/netbeans.app/Contents/Resources/netbeans/platform/core/locale/core_zh_CN.jar:/Users/khannoori/OpenESB-v2.3.1/netbeans.app/Contents/Resources/netbeans/platform/core/locale/org-openide-filesystems_ja.jar:/Users/khannoori/OpenESB-v2.3.1/netbeans.app/Contents/Resources/netbeans/platform/core/locale/org-openide-filesystems_pt_BR.jar:/Users/khannoori/OpenESB-v2.3.1/netbeans.app/Contents/Resources/netbeans/platform/core/locale/org-openide-filesystems_ru.jar:/Users/khannoori/OpenESB-v2.3.1/netbeans.app/Contents/Resources/netbeans/platform/core/locale/org-openide-filesystems_zh_CN.jar:/Users/khannoori/OpenESB-v2.3.1/netbeans.app/Contents/MacOS/../Resources/netbeans/bin/../soa/core/locale/core_soa.jar:/Users/khannoori/OpenESB-v2.3.1/netbeans.app/Contents/MacOS/../Resources/netbeans/bin/../nb/core/org-netbeans-upgrader.jar:/Users/khannoori/OpenESB-v2.3.1/netbeans.app/Contents/MacOS/../Resources/netbeans/bin/../nb/core/locale/core_nb.jar:/Users/khannoori/OpenESB-v2.3.1/netbeans.app/Contents/MacOS/../Resources/netbeans/bin/../nb/core/locale/org-netbeans-upgrader_ja.jar:/Users/khannoori/OpenESB-v2.3.1/netbeans.app/Contents/MacOS/../Resources/netbeans/bin/../nb/core/locale/org-netbeans-upgrader_pt_BR.jar:/Users/khannoori/OpenESB-v2.3.1/netbeans.app/Contents/MacOS/../Resources/netbeans/bin/../nb/core/locale/org-netbeans-upgrader_ru.jar:/Users/khannoori/OpenESB-v2.3.1/netbeans.app/Contents/MacOS/../Resources/netbeans/bin/../nb/core/locale/org-netbeans-upgrader_zh_CN.jar" />
    <property name="java.vm.specification.version" value="1.0" />
    <property name="libs.primefaces.classpath" value="/Users/khannoori/OpenESB-v2.3.1/netbeans.app/Contents/Resources/netbeans/enterprise/modules/ext/primefaces/primefaces-3.5.jar" />
    <property name="libs.javaee-api-6.0.classpath" value="/Users/khannoori/OpenESB-v2.3.1/netbeans.app/Contents/Resources/netbeans/enterprise/modules/ext/javaee-api-6.0.jar" />
    <property name="ftp.nonProxyHosts" value="local|*.local|169.254/16|*.169.254/16" />
    <property name="netbeans.productversion" value="OpenESB IDE 2.3.1" />
    <property name="libs.hibernate-persistence.classpath" value="/Users/khannoori/OpenESB-v2.3.1/netbeans.app/Contents/Resources/netbeans/java/modules/ext/hibernate/antlr-2.7.6.jar:/Users/khannoori/OpenESB-v2.3.1/netbeans.app/Contents/Resources/netbeans/java/modules/ext/hibernate/asm.jar:/Users/khannoori/OpenESB-v2.3.1/netbeans.app/Contents/Resources/netbeans/java/modules/ext/hibernate/asm-attrs.jar:/Users/khannoori/OpenESB-v2.3.1/netbeans.app/Contents/Resources/netbeans/java/modules/ext/hibernate/cglib-2.1.3.jar:/Users/khannoori/OpenESB-v2.3.1/netbeans.app/Contents/Resources/netbeans/java/modules/ext/hibernate/commons-collections-2.1.1.jar:/Users/khannoori/OpenESB-v2.3.1/netbeans.app/Contents/Resources/netbeans/ide/modules/org-apache-commons-logging.jar:/Users/khannoori/OpenESB-v2.3.1/netbeans.app/Contents/Resources/netbeans/java/modules/ext/hibernate/dom4j-1.6.1.jar:/Users/khannoori/OpenESB-v2.3.1/netbeans.app/Contents/Resources/netbeans/java/modules/ext/hibernate/ehcache-1.2.3.jar:/Users/khannoori/OpenESB-v2.3.1/netbeans.app/Contents/Resources/netbeans/java/modules/ext/hibernate/jdbc2_0-stdext.jar:/Users/khannoori/OpenESB-v2.3.1/netbeans.app/Contents/Resources/netbeans/java/modules/ext/hibernate/jta.jar:/Users/khannoori/OpenESB-v2.3.1/netbeans.app/Contents/Resources/netbeans/java/modules/ext/hibernate/hibernate3.jar:/Users/khannoori/OpenESB-v2.3.1/netbeans.app/Contents/Resources/netbeans/java/modules/ext/hibernate/hibernate-tools.jar:/Users/khannoori/OpenESB-v2.3.1/netbeans.app/Contents/Resources/netbeans/java/modules/ext/hibernate/hibernate-annotations.jar:/Users/khannoori/OpenESB-v2.3.1/netbeans.app/Contents/Resources/netbeans/java/modules/ext/hibernate/hibernate-commons-annotations.jar:/Users/khannoori/OpenESB-v2.3.1/netbeans.app/Contents/Resources/netbeans/java/modules/ext/hibernate/hibernate-entitymanager.jar:/Users/khannoori/OpenESB-v2.3.1/netbeans.app/Contents/Resources/netbeans/java/modules/ext/hibernate/javassist.jar:/Users/khannoori/OpenESB-v2.3.1/netbeans.app/Contents/Resources/netbeans/java/modules/ext/hibernate/ejb3-persistence.jar" />
    <property name="libs.jaxws21.src" value="" />
    <property name="do.archive" value="true" />
    <property name="netbeans.autoupdate.language" value="da" />
    <property name="org.netbeans.core.startup.specialResource" value="nullcom.sun.jdo.api.persistence.mapping.ejb" />
    <property name="libs.Encoder-Framework.javadoc" value="" />
    <property name="java.vendor" value="Apple Inc." />
    <property name="libs.javaee-api-6.0.javadoc" value="/Users/khannoori/OpenESB-v2.3.1/netbeans.app/Contents/Resources/netbeans/enterprise/docs/javaee-doc-api.jar" />
    <property name="jar.index.metainf" value="false" />
    <property name="javac.debug" value="true" />
    <property name="javadoc.splitindex" value="true" />
    <property name="file.separator" value="/" />
    <property name="javac.includesfile.binary" value="/Users/khannoori/NetBeansProjects/LameDuckClient/LameDuckClient/null496057873" />
    <property name="libs.junit_4.maven-pom" value="" />
    <property name="mkdist.disabled" value="false" />
    <property name="javac.test.processorpath" value=":build/classes:/Users/khannoori/OpenESB-v2.3.1/netbeans.app/Contents/Resources/netbeans/platform/modules/ext/junit-4.10.jar" />
    <property name="netbeans.buildnumber" value="201306052037" />
    <property name="libs.JWSAntTasks.javadoc" value="" />
    <property name="build.generated.sources.dir" value="build/generated-sources" />
    <property name="libs.eclipselinkmodelgen.classpath" value="/Users/khannoori/OpenESB-v2.3.1/netbeans.app/Contents/Resources/netbeans/java/modules/ext/eclipselink/org.eclipse.persistence.jpa.modelgen_2.5.0.v20130507-3faac2b.jar" />
    <property name="libs.javaee-endorsed-api-7.0.src" value="" />
    <property name="sun.java.launcher" value="SUN_STANDARD" />
    <property name="libs.junit.classpath" value="/Users/khannoori/OpenESB-v2.3.1/netbeans.app/Contents/Resources/netbeans/java/modules/ext/junit-3.8.2.jar" />
    <property name="libs.jaxb.javadoc" value="/Users/khannoori/OpenESB-v2.3.1/netbeans.app/Contents/Resources/netbeans/ide/docs/jaxb-api-doc.zip" />
    <property name="libs.struts.classpath" value="/Users/khannoori/OpenESB-v2.3.1/netbeans.app/Contents/Resources/netbeans/enterprise/modules/ext/struts/antlr-2.7.2.jar:/Users/khannoori/OpenESB-v2.3.1/netbeans.app/Contents/Resources/netbeans/enterprise/modules/ext/struts/bsf-2.3.0.jar:/Users/khannoori/OpenESB-v2.3.1/netbeans.app/Contents/Resources/netbeans/enterprise/modules/ext/struts/commons-beanutils-1.8.0.jar:/Users/khannoori/OpenESB-v2.3.1/netbeans.app/Contents/Resources/netbeans/enterprise/modules/ext/struts/commons-chain-1.2.jar:/Users/khannoori/OpenESB-v2.3.1/netbeans.app/Contents/Resources/netbeans/enterprise/modules/ext/struts/commons-digester-1.8.jar:/Users/khannoori/OpenESB-v2.3.1/netbeans.app/Contents/Resources/netbeans/enterprise/modules/ext/struts/commons-fileupload-1.1.1.jar:/Users/khannoori/OpenESB-v2.3.1/netbeans.app/Contents/Resources/netbeans/enterprise/modules/ext/struts/commons-io-1.1.jar:/Users/khannoori/OpenESB-v2.3.1/netbeans.app/Contents/Resources/netbeans/enterprise/modules/ext/struts/commons-logging-1.0.4.jar:/Users/khannoori/OpenESB-v2.3.1/netbeans.app/Contents/Resources/netbeans/enterprise/modules/ext/struts/commons-validator-1.3.1.jar:/Users/khannoori/OpenESB-v2.3.1/netbeans.app/Contents/Resources/netbeans/enterprise/modules/ext/struts/jstl-1.0.2.jar:/Users/khannoori/OpenESB-v2.3.1/netbeans.app/Contents/Resources/netbeans/enterprise/modules/ext/struts/oro-2.0.8.jar:/Users/khannoori/OpenESB-v2.3.1/netbeans.app/Contents/Resources/netbeans/enterprise/modules/ext/struts/standard-1.0.6.jar:/Users/khannoori/OpenESB-v2.3.1/netbeans.app/Contents/Resources/netbeans/enterprise/modules/ext/struts/struts-core-1.3.10.jar:/Users/khannoori/OpenESB-v2.3.1/netbeans.app/Contents/Resources/netbeans/enterprise/modules/ext/struts/struts-el-1.3.10.jar:/Users/khannoori/OpenESB-v2.3.1/netbeans.app/Contents/Resources/netbeans/enterprise/modules/ext/struts/struts-extras-1.3.10.jar:/Users/khannoori/OpenESB-v2.3.1/netbeans.app/Contents/Resources/netbeans/enterprise/modules/ext/struts/struts-faces-1.3.10.jar:/Users/khannoori/OpenESB-v2.3.1/netbeans.app/Contents/Resources/netbeans/enterprise/modules/ext/struts/struts-mailreader-dao-1.3.10.jar:/Users/khannoori/OpenESB-v2.3.1/netbeans.app/Contents/Resources/netbeans/enterprise/modules/ext/struts/struts-scripting-1.3.10.jar:/Users/khannoori/OpenESB-v2.3.1/netbeans.app/Contents/Resources/netbeans/enterprise/modules/ext/struts/struts-taglib-1.3.10.jar:/Users/khannoori/OpenESB-v2.3.1/netbeans.app/Contents/Resources/netbeans/enterprise/modules/ext/struts/struts-tiles-1.3.10.jar" />
    <property name="javac.includes.binary" value="/Users/khannoori/NetBeansProjects/LameDuckClient/LameDuckClient/build/test/classes/dtu/ws/group8/lameduck/client/LameDuckTest.class" />
    <property name="ant.home" value="/Users/khannoori/OpenESB-v2.3.1/netbeans.app/Contents/Resources/netbeans/java/ant" />
    <property name="libs.junit_4.src" value="/Users/khannoori/OpenESB-v2.3.1/netbeans.app/Contents/Resources/netbeans/java/docs/junit-4.10-sources.jar" />
    <property name="libs.testng.classpath" value="/Users/khannoori/OpenESB-v2.3.1/netbeans.app/Contents/Resources/netbeans/platform/modules/ext/testng-6.5.1-dist.jar" />
    <property name="libs.absolutelayout.maven-pom" value="" />
    <property name="ant.java.version" value="1.6" />
    <property name="java.library.path" value=".:/Library/Java/Extensions:/System/Library/Java/Extensions:/usr/lib/java" />
    <property name="javadoc.author" value="false" />
    <property name="libs.metro.maven-pom" value="" />
    <property name="manifest.available+main.class-mkdist.available" value="true" />
    <property name="libs.Encoder-HL7.classpath" value="/Users/khannoori/OpenESB-v2.3.1/netbeans.app/Contents/Resources/netbeans/soa/modules/ext/hl7.jar:/Users/khannoori/OpenESB-v2.3.1/netbeans.app/Contents/Resources/netbeans/soa/modules/ext/hl7encoder-xsdextension.jar" />
    <property name="ant.file.type.LameDuckClient3" value="file" />
    <property name="java.util.logging.config.class" value="org.netbeans.core.startup.TopLogging" />
    <property name="libs.PostgreSQLDriver.src" value="" />
    <property name="sun.arch.data.model" value="64" />
    <property name="basedir" value="/Users/khannoori/NetBeansProjects/LameDuckClient/LameDuckClient" />
    <property name="libs.jpa20-persistence.maven-pom" value="" />
    <property name="jar.compress" value="false" />
    <property name="libs.javaee-web-api-7.0.classpath" value="/Users/khannoori/OpenESB-v2.3.1/netbeans.app/Contents/Resources/netbeans/enterprise/modules/ext/javaee-web-api-7.0.jar" />
    <property name="libs.jstl11.classpath" value="/Users/khannoori/OpenESB-v2.3.1/netbeans.app/Contents/Resources/netbeans/enterprise/modules/ext/standard.jar:/Users/khannoori/OpenESB-v2.3.1/netbeans.app/Contents/Resources/netbeans/enterprise/modules/ext/jstl.jar" />
    <property name="path.separator" value=":" />
    <property name="libs.javaee-web-api-6.0.javadoc" value="/Users/khannoori/OpenESB-v2.3.1/netbeans.app/Contents/Resources/netbeans/enterprise/docs/javaee-doc-api.jar" />
    <property name="ant.junit.enabletestlistenerevents" value="true" />
    <property name="sun.io.unicode.encoding" value="UnicodeLittle" />
    <property name="libs.jaxws21.classpath" value="/Users/khannoori/OpenESB-v2.3.1/netbeans.app/Contents/Resources/netbeans/ide/modules/ext/jaxb/jaxb-impl.jar:/Users/khannoori/OpenESB-v2.3.1/netbeans.app/Contents/Resources/netbeans/ide/modules/ext/jaxb/jaxb-xjc.jar:/Users/khannoori/OpenESB-v2.3.1/netbeans.app/Contents/Resources/netbeans/java/modules/ext/jaxws22/FastInfoset.jar:/Users/khannoori/OpenESB-v2.3.1/netbeans.app/Contents/Resources/netbeans/java/modules/ext/jaxws22/gmbal-api-only.jar:/Users/khannoori/OpenESB-v2.3.1/netbeans.app/Contents/Resources/netbeans/java/modules/ext/jaxws22/ha-api.jar:/Users/khannoori/OpenESB-v2.3.1/netbeans.app/Contents/Resources/netbeans/java/modules/ext/jaxws22/javax.mail_1.4.jar:/Users/khannoori/OpenESB-v2.3.1/netbeans.app/Contents/Resources/netbeans/java/modules/ext/jaxws22/jaxws-rt.jar:/Users/khannoori/OpenESB-v2.3.1/netbeans.app/Contents/Resources/netbeans/java/modules/ext/jaxws22/jaxws-tools.jar:/Users/khannoori/OpenESB-v2.3.1/netbeans.app/Contents/Resources/netbeans/java/modules/ext/jaxws22/management-api.jar:/Users/khannoori/OpenESB-v2.3.1/netbeans.app/Contents/Resources/netbeans/java/modules/ext/jaxws22/mimepull.jar:/Users/khannoori/OpenESB-v2.3.1/netbeans.app/Contents/Resources/netbeans/java/modules/ext/jaxws22/policy.jar:/Users/khannoori/OpenESB-v2.3.1/netbeans.app/Contents/Resources/netbeans/java/modules/ext/jaxws22/saaj-impl.jar:/Users/khannoori/OpenESB-v2.3.1/netbeans.app/Contents/Resources/netbeans/java/modules/ext/jaxws22/stax-ex.jar:/Users/khannoori/OpenESB-v2.3.1/netbeans.app/Contents/Resources/netbeans/java/modules/ext/jaxws22/stax2-api.jar:/Users/khannoori/OpenESB-v2.3.1/netbeans.app/Contents/Resources/netbeans/java/modules/ext/jaxws22/streambuffer.jar:/Users/khannoori/OpenESB-v2.3.1/netbeans.app/Contents/Resources/netbeans/java/modules/ext/jaxws22/woodstox-core-asl.jar:/Users/khannoori/OpenESB-v2.3.1/netbeans.app/Contents/Resources/netbeans/java/modules/ext/jaxws22/api/jaxws-api.jar:/Users/khannoori/OpenESB-v2.3.1/netbeans.app/Contents/Resources/netbeans/java/modules/ext/jaxws22/api/jsr181-api.jar:/Users/khannoori/OpenESB-v2.3.1/netbeans.app/Contents/Resources/netbeans/java/modules/ext/jaxws22/api/javax.annotation.jar:/Users/khannoori/OpenESB-v2.3.1/netbeans.app/Contents/Resources/netbeans/java/modules/ext/jaxws22/api/saaj-api.jar:/Users/khannoori/OpenESB-v2.3.1/netbeans.app/Contents/Resources/netbeans/ide/modules/ext/jaxb/activation.jar:/Users/khannoori/OpenESB-v2.3.1/netbeans.app/Contents/Resources/netbeans/ide/modules/ext/jaxb/api/jaxb-api.jar:/Users/khannoori/OpenESB-v2.3.1/netbeans.app/Contents/Resources/netbeans/ide/modules/ext/jaxb/api/jsr173_1.0_api.jar" />
    <property name="libs.struts.src" value="" />
    <property name="compile.on.save" value="true" />
    <property name="apple.awt.graphics.UseQuartz" value="true" />
    <property name="user.language" value="da" />
    <property name="libs.Encoder-Framework.src" value="" />
    <property name="testng.mode" value="testng" />
    <property name="libs.JAXB-ENDORSED.maven-pom" value="" />
    <property name="libs.spring-framework.classpath" value="/Users/khannoori/OpenESB-v2.3.1/netbeans.app/Contents/Resources/netbeans/ide/modules/org-apache-commons-logging.jar:/Users/khannoori/OpenESB-v2.3.1/netbeans.app/Contents/Resources/netbeans/java/modules/ext/cglib-2.2.jar:/Users/khannoori/OpenESB-v2.3.1/netbeans.app/Contents/Resources/netbeans/java/modules/ext/spring/spring-2.5.6.SEC03.jar" />
    <property name="libs.eclipselink.maven-pom" value="" />
    <property name="test.binaryincludes" value="&lt;nothing&gt;" />
    <property name="manifest.available" value="true" />
    <property name="libs.primefaces.javadoc" value="" />
    <property name="libs.spring-framework300.maven-pom" value="" />
    <property name="run.test.classpath" value=":build/classes:/Users/khannoori/OpenESB-v2.3.1/netbeans.app/Contents/Resources/netbeans/platform/modules/ext/junit-4.10.jar:build/test/classes" />
    <property name="ant.project.invoked-targets" value="test-single" />
    <property name="libs.Encoder-Framework.classpath" value="/Users/khannoori/OpenESB-v2.3.1/netbeans.app/Contents/Resources/netbeans/soa/modules/ext/encoderframework.jar:/Users/khannoori/OpenESB-v2.3.1/netbeans.app/Contents/Resources/netbeans/soa/modules/ext/encoderfrmwk-xsdextension.jar:/Users/khannoori/OpenESB-v2.3.1/netbeans.app/Contents/Resources/netbeans/soa/modules/ext/xbean.jar" />
    <property name="test.binaryexcludes" value="" />
    <property name="libs.swing-layout.javadoc" value="/Users/khannoori/OpenESB-v2.3.1/netbeans.app/Contents/Resources/netbeans/platform/docs/swing-layout-1.0.4-doc.zip" />
    <property name="sun.java2d.d3d" value="false" />
    <property name="libs.ejb3-persistence.maven-pom" value="" />
    <property name="gopherProxySet" value="false" />
    <property name="libs.PostgreSQLDriver.maven-pom" value="" />
    <property name="java.class.version" value="50.0" />
    <property name="libs.JAVADB_DRIVER_LABEL.classpath" value="/Users/khannoori/OpenESB-v2.3.1/glassfish/javadb/lib/derby.jar:/Users/khannoori/OpenESB-v2.3.1/glassfish/javadb/lib/derbyclient.jar:/Users/khannoori/OpenESB-v2.3.1/glassfish/javadb/lib/derbynet.jar" />
    <property name="libs.javaee-endorsed-api-6.0.src" value="" />
    <property name="netbeans.system_http_proxy" value="DIRECT" />
    <property name="libs.eclipselink.javadoc" value="" />
    <property name="libs.jsp-compilation.maven-pom" value="" />
    <property name="user.properties.file" value="/Users/khannoori/Library/Application Support/OpenESB_IDE/2.3.1/build.properties" />
    <property name="runtime.encoding" value="UTF-8" />
    <property name="libs.spring-framework.src" value="" />
    <property name="libs.javac-api.maven-pom" value="" />
    <property name="file.encoding.pkg" value="sun.io" />
    <property name="sun.cpu.endian" value="little" />
    <property name="libs.JAXB-ENDORSED.javadoc" value="" />
    <property name="wsdl-LameDuckService" value="/Users/khannoori/NetBeansProjects/LameDuckClient/LameDuckClient/xml-resources/web-service-references/LameDuckService/wsdl/localhost_8080/LameDuckService/LameDuckService.wsdl" />
    <property name="libs.JWSAntTasks.classpath" value="/Users/khannoori/OpenESB-v2.3.1/netbeans.app/Contents/Resources/netbeans/java/ant/extra/org-netbeans-modules-javawebstart-anttasks.jar" />
    <property name="libs.spring-framework300.src" value="" />
    <property name="libs.PojoSELib.src" value="/Users/khannoori/OpenESB-v2.3.1/netbeans.app/Contents/Resources/netbeans/soa/modules/ext/sun-pojo-engine-api-src.jar" />
    <property name="empty.dir" value="/Users/khannoori/NetBeansProjects/LameDuckClient/LameDuckClient/build/empty" />
    <property name="version-output" value="java version &quot;1.6" />
    <property name="test.binarytestincludes" value="" />
    <property name="javadoc.preview" value="true" />
    <property name="socksNonProxyHosts" value="local|*.local|169.254/16|*.169.254/16" />
    <property name="libs.jpa20-persistence.javadoc" value="" />
    <property name="nbplatform.default.harness.dir" value="/Users/khannoori/OpenESB-v2.3.1/netbeans.app/Contents/Resources/netbeans/harness" />
    <property name="java.home" value="/System/Library/Java/JavaVirtualMachines/1.6.0.jdk/Contents/Home" />
    <property name="libs.jsp-compilation.src" value="" />
    <property name="libs.spring-webmvc.src" value="" />
    <property name="debug.test.classpath" value=":build/classes:/Users/khannoori/OpenESB-v2.3.1/netbeans.app/Contents/Resources/netbeans/platform/modules/ext/junit-4.10.jar:build/test/classes" />
    <property name="libs.javaee-endorsed-api-6.0.classpath" value="/Users/khannoori/OpenESB-v2.3.1/netbeans.app/Contents/Resources/netbeans/enterprise/modules/ext/javaee6-endorsed/javax.annotation.jar:/Users/khannoori/OpenESB-v2.3.1/netbeans.app/Contents/Resources/netbeans/enterprise/modules/ext/javaee6-endorsed/jaxb-api-osgi.jar:/Users/khannoori/OpenESB-v2.3.1/netbeans.app/Contents/Resources/netbeans/enterprise/modules/ext/javaee6-endorsed/webservices-api-osgi.jar" />
    <property name="libs.javaee-api-6.0.src" value="" />
    <property name="ant.project.default-target" value="default" />
    <property name="annotation.processing.run.all.processors" value="true" />
    <property name="libs.PostgreSQLDriver.javadoc" value="" />
    <property name="libs.restlib.classpath" value="/Users/khannoori/OpenESB-v2.3.1/netbeans.app/Contents/Resources/netbeans/enterprise/modules/ext/rest/asm-3.1.jar:/Users/khannoori/OpenESB-v2.3.1/netbeans.app/Contents/Resources/netbeans/enterprise/modules/ext/rest/jackson-core-asl-1.9.2.jar:/Users/khannoori/OpenESB-v2.3.1/netbeans.app/Contents/Resources/netbeans/enterprise/modules/ext/rest/jackson-jaxrs-1.9.2.jar:/Users/khannoori/OpenESB-v2.3.1/netbeans.app/Contents/Resources/netbeans/enterprise/modules/ext/rest/jackson-mapper-asl-1.9.2.jar:/Users/khannoori/OpenESB-v2.3.1/netbeans.app/Contents/Resources/netbeans/enterprise/modules/ext/rest/jackson-xc-1.9.2.jar:/Users/khannoori/OpenESB-v2.3.1/netbeans.app/Contents/Resources/netbeans/enterprise/modules/ext/rest/jersey-apache-client-1.13.jar:/Users/khannoori/OpenESB-v2.3.1/netbeans.app/Contents/Resources/netbeans/enterprise/modules/ext/rest/jersey-atom-abdera-1.13.jar:/Users/khannoori/OpenESB-v2.3.1/netbeans.app/Contents/Resources/netbeans/enterprise/modules/ext/rest/jersey-client-1.13.jar:/Users/khannoori/OpenESB-v2.3.1/netbeans.app/Contents/Resources/netbeans/enterprise/modules/ext/rest/jersey-core-1.13.jar:/Users/khannoori/OpenESB-v2.3.1/netbeans.app/Contents/Resources/netbeans/enterprise/modules/ext/rest/jersey-guice-1.13.jar:/Users/khannoori/OpenESB-v2.3.1/netbeans.app/Contents/Resources/netbeans/enterprise/modules/ext/rest/jersey-json-1.13.jar:/Users/khannoori/OpenESB-v2.3.1/netbeans.app/Contents/Resources/netbeans/enterprise/modules/ext/rest/jersey-multipart-1.13.jar:/Users/khannoori/OpenESB-v2.3.1/netbeans.app/Contents/Resources/netbeans/enterprise/modules/ext/rest/jersey-server-1.13.jar:/Users/khannoori/OpenESB-v2.3.1/netbeans.app/Contents/Resources/netbeans/enterprise/modules/ext/rest/jersey-servlet-1.13.jar:/Users/khannoori/OpenESB-v2.3.1/netbeans.app/Contents/Resources/netbeans/enterprise/modules/ext/rest/jersey-simple-server-1.13.jar:/Users/khannoori/OpenESB-v2.3.1/netbeans.app/Contents/Resources/netbeans/enterprise/modules/ext/rest/jersey-spring-1.13.jar:/Users/khannoori/OpenESB-v2.3.1/netbeans.app/Contents/Resources/netbeans/enterprise/modules/ext/rest/jettison-1.1.jar:/Users/khannoori/OpenESB-v2.3.1/netbeans.app/Contents/Resources/netbeans/enterprise/modules/ext/rest/oauth-client-1.13.jar:/Users/khannoori/OpenESB-v2.3.1/netbeans.app/Contents/Resources/netbeans/enterprise/modules/ext/rest/oauth-server-1.13.jar:/Users/khannoori/OpenESB-v2.3.1/netbeans.app/Contents/Resources/netbeans/enterprise/modules/ext/rest/oauth-signature-1.13.jar:/Users/khannoori/OpenESB-v2.3.1/netbeans.app/Contents/Resources/netbeans/ide/modules/ext/jaxb/activation.jar:/Users/khannoori/OpenESB-v2.3.1/netbeans.app/Contents/Resources/netbeans/ide/modules/ext/jaxb/api/jaxb-api.jar:/Users/khannoori/OpenESB-v2.3.1/netbeans.app/Contents/Resources/netbeans/ide/modules/ext/jaxb/api/jsr173_1.0_api.jar" />
    <property name="libs.JAX-WS-ENDORSED.maven-pom" value="" />
    <property name="libs.MySQLDriver.maven-pom" value="" />
    <property name="libs.JAX-WS-ENDORSED.src" value="" />
    <property name="http.nonProxyHosts" value="local|*.local|169.254/16|*.169.254/16" />
    <property name="libs.junit_4.javadoc" value="/Users/khannoori/OpenESB-v2.3.1/netbeans.app/Contents/Resources/netbeans/java/docs/junit-4.10-javadoc.jar" />
    <property name="libs.spring-webmvc.javadoc" value="" />
    <property name="libs.javaee-web-api-6.0.maven-pom" value="" />
    <property name="run.classpath" value=":build/classes" />
    <property name="libs.hibernate-support.src" value="" />
    <property name="jna.boot.library.name" value="jnidispatch-340" />
    <property name="libs.javaee-endorsed-api-6.0.javadoc" value="/Users/khannoori/OpenESB-v2.3.1/netbeans.app/Contents/Resources/netbeans/enterprise/docs/javaee-doc-api.jar" />
    <property name="libs.javaee-api-7.0.classpath" value="/Users/khannoori/OpenESB-v2.3.1/netbeans.app/Contents/Resources/netbeans/enterprise/modules/ext/javaee-api-7.0.jar" />
    <property name="sun.awt.datatransfer.timeout" value="1000" />
    <property name="apple.awt.graphics.UseOpenGL" value="false" />
    <property name="libs.PojoSELib.classpath" value="/Users/khannoori/OpenESB-v2.3.1/netbeans.app/Contents/Resources/netbeans/soa/modules/ext/sun-pojo-engine-api.jar:/Users/khannoori/OpenESB-v2.3.1/netbeans.app/Contents/Resources/netbeans/soa/modules/ext/jbi.jar" />
    <property name="libs.spring-webmvc3.0.javadoc" value="" />
    <property name="annotation.processing.enabled.in.editor" value="false" />
    <property name="nb.native.filechooser" value="false" />
    <property name="libs.restapi.src" value="" />
    <property name="sun.management.compiler" value="HotSpot 64-Bit Tiered Compilers" />
    <property name="javac.deprecation" value="false" />
    <property name="javadoc.use" value="true" />
    <property name="sun.java2d.noddraw" value="true" />
    <property name="libs.jsp-compiler.classpath" value="/Users/khannoori/OpenESB-v2.3.1/netbeans.app/Contents/Resources/netbeans/enterprise/ant/extra/jspcompile.jar" />
    <property name="javac.processorpath" value="" />
    <property name="libs.spring-webmvc.classpath" value="/Users/khannoori/OpenESB-v2.3.1/netbeans.app/Contents/Resources/netbeans/enterprise/modules/ext/spring/spring-webmvc-2.5.6.SEC03.jar" />
    <property name="javac.compilerargs" value="" />
    <property name="ant.file" value="/Users/khannoori/NetBeansProjects/LameDuckClient/LameDuckClient/build.xml" />
    <property name="libs.beans-binding.maven-pom" value="" />
    <property name="libs.jsf12.classpath" value="/Users/khannoori/OpenESB-v2.3.1/netbeans.app/Contents/Resources/netbeans/enterprise/modules/ext/jsf-1_2/commons-beanutils.jar:/Users/khannoori/OpenESB-v2.3.1/netbeans.app/Contents/Resources/netbeans/enterprise/modules/ext/jsf-1_2/commons-collections.jar:/Users/khannoori/OpenESB-v2.3.1/netbeans.app/Contents/Resources/netbeans/enterprise/modules/ext/jsf-1_2/commons-digester.jar:/Users/khannoori/OpenESB-v2.3.1/netbeans.app/Contents/Resources/netbeans/enterprise/modules/ext/jsf-1_2/commons-logging.jar:/Users/khannoori/OpenESB-v2.3.1/netbeans.app/Contents/Resources/netbeans/enterprise/modules/ext/jsf-1_2/jsf-api.jar:/Users/khannoori/OpenESB-v2.3.1/netbeans.app/Contents/Resources/netbeans/enterprise/modules/ext/jsf-1_2/jsf-impl.jar" />
    <property name="sun.awt.exception.handler" value="apple.awt.CToolkit$EventQueueExceptionHandler" />
    <property name="libs.Encoder-HL7.src" value="" />
    <property name="libs.restapi.maven-pom" value="" />
    <property name="libs.beans-binding.src" value="" />
    <property name="java.vm.specification.vendor" value="Sun Microsystems Inc." />
    <property name="libs.swing-layout.src" value="/Users/khannoori/OpenESB-v2.3.1/netbeans.app/Contents/Resources/netbeans/platform/docs/swing-layout-1.0.4-src.zip" />
    <property name="org.openide.major.version" value="IDE/1" />
    <property name="java.vm.name" value="Java HotSpot(TM) 64-Bit Server VM" />
    <property name="libs.Encoder-Custom.maven-pom" value="" />
    <property name="netbeans.user" value="/Users/khannoori/Library/Application Support/OpenESB_IDE/2.3.1" />
    <property name="javadoc.additionalparam" value="" />
    <property name="java.io.tmpdir" value="/var/folders/s0/yy4wyyzn0693jzq9zm023x640000gn/T/" />
    <property name="java.vendor.url" value="http://www.apple.com/" />
    <property name="endorsed.classpath.cmd.line.arg" value="-Xbootclasspath/p:&apos;/Users/khannoori/OpenESB-v2.3.1/netbeans.app/Contents/Resources/netbeans/java/modules/ext/jaxws22/api/jaxws-api.jar:/Users/khannoori/OpenESB-v2.3.1/netbeans.app/Contents/Resources/netbeans/ide/modules/ext/jaxb/jaxb-impl.jar&apos;" />
    <property name="junit.available" value="true" />
    <property name="libs.jsp-compiler.src" value="" />
    <property name="libs.Encoder-COCO.src" value="" />
    <property name="mrj.build" value="11M4716" />
    <property name="sun.boot.library.path" value="/System/Library/Java/JavaVirtualMachines/1.6.0.jdk/Contents/Libraries" />
    <property name="have.sources" value="true" />
    <property name="debug.classpath" value=":build/classes" />
    <property name="javadoc.private" value="false" />
    <property name="test.src.dir" value="test" />
    <property name="libs.jsf20.classpath" value="/Users/khannoori/OpenESB-v2.3.1/netbeans.app/Contents/Resources/netbeans/enterprise/modules/ext/jsf-2_2/javax.faces.jar" />
    <property name="ap.processors.internal" value="" />
    <property name="meta.inf.dir" value="src/META-INF" />
    <property name="javadoc.encoding.used" value="UTF-8" />
    <property name="dist.jar" value="dist/LameDuckClient3.jar" />
    <property name="java.runtime.name" value="Java(TM) SE Runtime Environment" />
    <property name="ant.project.name" value="LameDuckClient3" />
    <property name="libs.PojoSELib.javadoc" value="/Users/khannoori/OpenESB-v2.3.1/netbeans.app/Contents/Resources/netbeans/soa/modules/ext/sun-pojo-engine-api-javadoc.jar" />
    <property name="netbeans.hash.code" value="unique=NB_GLASSFISH02d652c9e-0708-49b2-ac93-2d0956c389f6" />
    <property name="libs.jsp-compilation-syscp.maven-pom" value="" />
    <property name="manifest.available-mkdist.available" value="true" />
    <property name="sun.cpu.isalist" value="" />
    <property name="libs.CopyLibs.javadoc" value="" />
    <property name="org.openide.specification.version" value="6.2" />
    <property name="libs.hibernate-support.classpath" value="/Users/khannoori/OpenESB-v2.3.1/netbeans.app/Contents/Resources/netbeans/java/modules/ext/hibernate/antlr-2.7.6.jar:/Users/khannoori/OpenESB-v2.3.1/netbeans.app/Contents/Resources/netbeans/java/modules/ext/hibernate/asm.jar:/Users/khannoori/OpenESB-v2.3.1/netbeans.app/Contents/Resources/netbeans/java/modules/ext/hibernate/asm-attrs.jar:/Users/khannoori/OpenESB-v2.3.1/netbeans.app/Contents/Resources/netbeans/java/modules/ext/hibernate/cglib-2.1.3.jar:/Users/khannoori/OpenESB-v2.3.1/netbeans.app/Contents/Resources/netbeans/java/modules/ext/hibernate/commons-collections-2.1.1.jar:/Users/khannoori/OpenESB-v2.3.1/netbeans.app/Contents/Resources/netbeans/ide/modules/org-apache-commons-logging.jar:/Users/khannoori/OpenESB-v2.3.1/netbeans.app/Contents/Resources/netbeans/java/modules/ext/hibernate/dom4j-1.6.1.jar:/Users/khannoori/OpenESB-v2.3.1/netbeans.app/Contents/Resources/netbeans/java/modules/ext/hibernate/ehcache-1.2.3.jar:/Users/khannoori/OpenESB-v2.3.1/netbeans.app/Contents/Resources/netbeans/java/modules/ext/hibernate/jdbc2_0-stdext.jar:/Users/khannoori/OpenESB-v2.3.1/netbeans.app/Contents/Resources/netbeans/java/modules/ext/hibernate/jta.jar:/Users/khannoori/OpenESB-v2.3.1/netbeans.app/Contents/Resources/netbeans/java/modules/ext/hibernate/hibernate3.jar:/Users/khannoori/OpenESB-v2.3.1/netbeans.app/Contents/Resources/netbeans/java/modules/ext/hibernate/hibernate-tools.jar:/Users/khannoori/OpenESB-v2.3.1/netbeans.app/Contents/Resources/netbeans/java/modules/ext/hibernate/hibernate-annotations.jar:/Users/khannoori/OpenESB-v2.3.1/netbeans.app/Contents/Resources/netbeans/java/modules/ext/hibernate/hibernate-commons-annotations.jar:/Users/khannoori/OpenESB-v2.3.1/netbeans.app/Contents/Resources/netbeans/java/modules/ext/hibernate/hibernate-entitymanager.jar:/Users/khannoori/OpenESB-v2.3.1/netbeans.app/Contents/Resources/netbeans/java/modules/ext/hibernate/javassist.jar" />
    <property name="user.home" value="/Users/khannoori" />
    <property name="annotation.processing.processors.list" value="" />
    <property name="libs.primefaces.maven-pom" value="" />
    <property name="debug-args-line" value="-Xdebug" />
    <property name="ant.file.LameDuckClient3-impl" value="/Users/khannoori/NetBeansProjects/LameDuckClient/LameDuckClient/nbproject/build-impl.xml" />
    <property name="libs.javaee-api-6.0.maven-pom" value="" />
    <property name="libs.JWSAntTasks.src" value="" />
    <property name="jar.index" value="false" />
    <property name="libs.CopyLibs.maven-pom" value="" />
    <property name="libs.spring-framework300.javadoc" value="" />
    <property name="libs.hibernate-persistence.maven-pom" value="" />
    <property name="libs.absolutelayout.javadoc" value="" />
    <property name="java.specification.name" value="Java Platform API Specification" />
    <property name="libs.Encoder-COCO.maven-pom" value="" />
    <property name="ide.module.install.dir" value="/Users/khannoori/OpenESB-v2.3.1/netbeans.app/Contents/Resources/netbeans/ide/modules" />
    <property name="java.specification.vendor" value="Sun Microsystems Inc." />
    <property name="libs.javac-api.classpath" value="/Users/khannoori/OpenESB-v2.3.1/netbeans.app/Contents/Resources/netbeans/java/modules/ext/nb-javac-api.jar" />
    <property name="java.version" value="1.6.0_65" />
    <property name="run.jvmargs.ide" value="" />
    <property name="javadoc.version" value="false" />
    <property name="libs.MySQLDriver.javadoc" value="" />
    <property name="org.openide.version" value="deprecated" />
    <property name="source.encoding" value="UTF-8" />
    <property name="ap.cmd.line.internal" value="" />
    <property name="libs.eclipselinkmodelgen.maven-pom" value="" />
    <property name="libs.jsp-compilation-syscp.javadoc" value="" />
    <property name="awt.nativeDoubleBuffering" value="true" />
    <property name="libs.junit.maven-pom" value="" />
    <property name="libs.javaee-endorsed-api-7.0.classpath" value="/Users/khannoori/OpenESB-v2.3.1/netbeans.app/Contents/Resources/netbeans/enterprise/modules/ext/javaee7-endorsed/javax.annotation-api.jar:/Users/khannoori/OpenESB-v2.3.1/netbeans.app/Contents/Resources/netbeans/enterprise/modules/ext/javaee7-endorsed/javax.xml.soap-api.jar:/Users/khannoori/OpenESB-v2.3.1/netbeans.app/Contents/Resources/netbeans/enterprise/modules/ext/javaee7-endorsed/jaxb-api-osgi.jar:/Users/khannoori/OpenESB-v2.3.1/netbeans.app/Contents/Resources/netbeans/enterprise/modules/ext/javaee7-endorsed/jaxws-api.jar:/Users/khannoori/OpenESB-v2.3.1/netbeans.app/Contents/Resources/netbeans/enterprise/modules/ext/javaee7-endorsed/jsr181-api.jar" />
    <property name="libs.eclipselinkmodelgen.javadoc" value="" />
    <property name="libs.metro.javadoc" value="/Users/khannoori/OpenESB-v2.3.1/netbeans.app/Contents/Resources/netbeans/enterprise/docs/metro-1.4-doc.zip" />
    <property name="libs.struts.maven-pom" value="" />
    <property name="netbeans.home+have.tests" value="true" />
    <property name="annotation.processing.processor.options" value="" />
    <property name="libs.testng.maven-pom" value="" />
    <property name="libs.jaxb.src" value="" />
    <property name="libs.Encoder-HL7.maven-pom" value="" />
    <property name="work.dir" value="/Users/khannoori/NetBeansProjects/LameDuckClient/LameDuckClient" />
    <property name="libs.jaxb.classpath" value="/Users/khannoori/OpenESB-v2.3.1/netbeans.app/Contents/Resources/netbeans/ide/modules/ext/jaxb/jaxb-impl.jar:/Users/khannoori/OpenESB-v2.3.1/netbeans.app/Contents/Resources/netbeans/ide/modules/ext/jaxb/jaxb-xjc.jar:/Users/khannoori/OpenESB-v2.3.1/netbeans.app/Contents/Resources/netbeans/ide/modules/ext/jaxb/jaxb1-impl.jar:/Users/khannoori/OpenESB-v2.3.1/netbeans.app/Contents/Resources/netbeans/ide/modules/ext/jaxb/activation.jar:/Users/khannoori/OpenESB-v2.3.1/netbeans.app/Contents/Resources/netbeans/ide/modules/ext/jaxb/api/jaxb-api.jar:/Users/khannoori/OpenESB-v2.3.1/netbeans.app/Contents/Resources/netbeans/ide/modules/ext/jaxb/api/jsr173_1.0_api.jar" />
    <property name="do.depend" value="false" />
    <property name="dist.javadoc.dir" value="dist/javadoc" />
    <property name="libs.spring-webmvc3.0.classpath" value="/Users/khannoori/OpenESB-v2.3.1/netbeans.app/Contents/Resources/netbeans/java/modules/ext/spring-3.0/spring-webmvc-3.1.1.RELEASE.jar" />
    <property name="libs.swing-layout.classpath" value="/Users/khannoori/OpenESB-v2.3.1/netbeans.app/Contents/Resources/netbeans/platform/modules/ext/swing-layout-1.0.4.jar" />
    <property name="libs.javaee-web-api-7.0.maven-pom" value="" />
    <property name="libs.restlib.src" value="" />
    <property name="javac.source" value="1.6" />
    <property name="build.generated.dir" value="build/generated" />
    <property name="line.separator" value="&#xa;" />
    <property name="libs.hibernate-persistence.src" value="" />
    <property name="java.specification.version" value="1.6" />
    <property name="java.vm.info" value="mixed mode" />
    <property name="libs.jaxws21.maven-pom" value="" />
    <property name="nb.registration.enabled" value="false" />
    <property name="nb.junit.batch" value="true" />
    <property name="junit.forkmode" value="perTest" />
    <property name="libs.spring-framework.maven-pom" value="" />
    <property name="sun.boot.class.path" value="/Users/khannoori/OpenESB-v2.3.1/netbeans.app/Contents/Resources/netbeans/java/modules/ext/jaxws22/api/jaxws-api.jar:/Users/khannoori/OpenESB-v2.3.1/netbeans.app/Contents/Resources/netbeans/ide/modules/ext/jaxb/jaxb-impl.jar:/System/Library/Java/JavaVirtualMachines/1.6.0.jdk/Contents/Classes/jsfd.jar:/System/Library/Java/JavaVirtualMachines/1.6.0.jdk/Contents/Classes/classes.jar:/System/Library/Frameworks/JavaVM.framework/Frameworks/JavaRuntimeSupport.framework/Resources/Java/JavaRuntimeSupport.jar:/System/Library/Java/JavaVirtualMachines/1.6.0.jdk/Contents/Classes/ui.jar:/System/Library/Java/JavaVirtualMachines/1.6.0.jdk/Contents/Classes/laf.jar:/System/Library/Java/JavaVirtualMachines/1.6.0.jdk/Contents/Classes/sunrsasign.jar:/System/Library/Java/JavaVirtualMachines/1.6.0.jdk/Contents/Classes/jsse.jar:/System/Library/Java/JavaVirtualMachines/1.6.0.jdk/Contents/Classes/jce.jar:/System/Library/Java/JavaVirtualMachines/1.6.0.jdk/Contents/Classes/charsets.jar" />
    <property name="javac.target" value="1.6" />
    <property name="built-jar.properties" value="/Users/khannoori/NetBeansProjects/LameDuckClient/LameDuckClient/build/built-jar.properties" />
    <property name="build.test.classes.dir" value="build/test/classes" />
    <property name="libs.Encoder-Framework.maven-pom" value="" />
    <property name="src.dir" value="src" />
    <property name="annotation.processing.enabled" value="true" />
    <property name="libs.jsf20.src" value="" />
    <property name="libs.jpa20-persistence.src" value="" />
    <property name="libs.jsf12.src" value="" />
    <property name="libs.JAVADB_DRIVER_LABEL.maven-pom" value="" />
    <property name="nbplatform.default.netbeans.dest.dir" value="/Users/khannoori/OpenESB-v2.3.1/netbeans.app/Contents/Resources/netbeans" />
    <property name="libs.struts.javadoc" value="/Users/khannoori/OpenESB-v2.3.1/netbeans.app/Contents/Resources/netbeans/enterprise/docs/struts-1.3.10-javadoc.zip" />
    <property name="ignore.failing.tests" value="true" />
    <property name="libs.javaee-web-api-7.0.src" value="" />
    <property name="libs.primefaces.src" value="" />
    <property name="libs.JAX-WS-ENDORSED.javadoc" value="" />
    <property name="dist.dir" value="dist" />
    <property name="testng.debug.mode" value="" />
    <property name="javac.fork" value="false" />
    <property name="java.awt.printerjob" value="apple.awt.CPrinterJob" />
    <property name="default.javac.source" value="1.6" />
    <property name="debug-transport-by-os" value="dt_socket" />
    <property name="libs.MySQLDriver.src" value="" />
    <property name="sun.jnu.encoding" value="MacRoman" />
    <property name="libs.Encoder-COCO.javadoc" value="" />
    <property name="build.test.results.dir" value="build/test/results" />
    <property name="java.runtime.version" value="1.6.0_65-b14-466.1-11M4716" />
    <property name="libs.ejb3-persistence.javadoc" value="" />
    <property name="jna.platform.library.path" value="/usr/lib:/usr/lib" />
    <property name="default.javac.target" value="1.6" />
    <property name="libs.junit_4.classpath" value="/Users/khannoori/OpenESB-v2.3.1/netbeans.app/Contents/Resources/netbeans/platform/modules/ext/junit-4.10.jar" />
    <property name="user.timezone" value="" />
    <property name="nb.junit.single" value="false" />
    <property name="libs.javaee-endorsed-api-6.0.maven-pom" value="" />
    <property name="libs.JAVADB_DRIVER_LABEL.javadoc" value="" />
    <property name="netbeans.dirs" value="/Users/khannoori/OpenESB-v2.3.1/netbeans.app/Contents/MacOS/../Resources/netbeans/bin/../soa:/Users/khannoori/OpenESB-v2.3.1/netbeans.app/Contents/MacOS/../Resources/netbeans/bin/../apisupport:/Users/khannoori/OpenESB-v2.3.1/netbeans.app/Contents/MacOS/../Resources/netbeans/bin/../enterprise:/Users/khannoori/OpenESB-v2.3.1/netbeans.app/Contents/MacOS/../Resources/netbeans/bin/../ergonomics:/Users/khannoori/OpenESB-v2.3.1/netbeans.app/Contents/MacOS/../Resources/netbeans/bin/../harness:/Users/khannoori/OpenESB-v2.3.1/netbeans.app/Contents/MacOS/../Resources/netbeans/bin/../ide:/Users/khannoori/OpenESB-v2.3.1/netbeans.app/Contents/MacOS/../Resources/netbeans/bin/../java:/Users/khannoori/OpenESB-v2.3.1/netbeans.app/Contents/MacOS/../Resources/netbeans/bin/../nb:/Users/khannoori/OpenESB-v2.3.1/netbeans.app/Contents/MacOS/../Resources/netbeans/bin/../profiler:/Users/khannoori/OpenESB-v2.3.1/netbeans.app/Contents/MacOS/../Resources/netbeans/bin/../webcommon:/Users/khannoori/OpenESB-v2.3.1/netbeans.app/Contents/MacOS/../Resources/netbeans/bin/../websvccommon:" />
    <property name="libs.jsf20.javadoc" value="/Users/khannoori/OpenESB-v2.3.1/netbeans.app/Contents/Resources/netbeans/enterprise/docs/javaee-doc-api.jar" />
    <property name="java.ext.dirs" value="/Library/Java/Extensions:/System/Library/Java/Extensions:/System/Library/Java/JavaVirtualMachines/1.6.0.jdk/Contents/Home/lib/ext" />
    <property name="libs.metro.src" value="" />
    <property name="endorsed.classpath" value="/Users/khannoori/OpenESB-v2.3.1/netbeans.app/Contents/Resources/netbeans/java/modules/ext/jaxws22/api/jaxws-api.jar:/Users/khannoori/OpenESB-v2.3.1/netbeans.app/Contents/Resources/netbeans/ide/modules/ext/jaxb/jaxb-impl.jar" />
    <property name="libs.absolutelayout.classpath" value="/Users/khannoori/OpenESB-v2.3.1/netbeans.app/Contents/Resources/netbeans/java/modules/ext/AbsoluteLayout.jar" />
    <property name="excludes" value="" />
    <property name="libs.metro.classpath" value="/Users/khannoori/OpenESB-v2.3.1/netbeans.app/Contents/Resources/netbeans/ide/modules/ext/jaxb/activation.jar:/Users/khannoori/OpenESB-v2.3.1/netbeans.app/Contents/Resources/netbeans/enterprise/modules/ext/metro/webservices-api.jar:/Users/khannoori/OpenESB-v2.3.1/netbeans.app/Contents/Resources/netbeans/enterprise/modules/ext/metro/webservices-extra-api.jar:/Users/khannoori/OpenESB-v2.3.1/netbeans.app/Contents/Resources/netbeans/enterprise/modules/ext/metro/webservices-extra.jar:/Users/khannoori/OpenESB-v2.3.1/netbeans.app/Contents/Resources/netbeans/enterprise/modules/ext/metro/webservices-rt.jar:/Users/khannoori/OpenESB-v2.3.1/netbeans.app/Contents/Resources/netbeans/enterprise/modules/ext/metro/webservices-tools.jar" />
    <property name="libs.restlib.maven-pom" value="" />
    <property name="ant.file.LameDuckClient3" value="/Users/khannoori/NetBeansProjects/LameDuckClient/LameDuckClient/build.xml" />
    <property name="java.class.path" value="/Users/khannoori/NetBeansProjects/LameDuckClient/LameDuckClient/build/classes:/Users/khannoori/OpenESB-v2.3.1/netbeans.app/Contents/Resources/netbeans/platform/modules/ext/junit-4.10.jar:/Users/khannoori/NetBeansProjects/LameDuckClient/LameDuckClient/build/test/classes:/Users/khannoori/OpenESB-v2.3.1/netbeans.app/Contents/Resources/netbeans/java/ant/lib/ant-launcher.jar:/Users/khannoori/OpenESB-v2.3.1/netbeans.app/Contents/Resources/netbeans/java/ant/lib/ant.jar:/Users/khannoori/OpenESB-v2.3.1/netbeans.app/Contents/Resources/netbeans/java/ant/lib/ant-junit.jar:/Users/khannoori/OpenESB-v2.3.1/netbeans.app/Contents/Resources/netbeans/java/ant/lib/ant-junit4.jar" />
    <property name="apple.laf.useScreenMenuBar" value="true" />
    <property name="do.mkdist" value="true" />
    <property name="libs.absolutelayout.src" value="" />
    <property name="libs.jpa20-persistence.classpath" value="/Users/khannoori/OpenESB-v2.3.1/netbeans.app/Contents/Resources/netbeans/java/modules/ext/eclipselink/javax.persistence_2.1.0.v201304241213.jar" />
    <property name="os.version" value="10.10" />
    <property name="application.args" value="" />
    <property name="libs.javaee-api-7.0.maven-pom" value="" />
    <property name="libs.PojoSELib.maven-pom" value="" />
    <property name="compile.on.save.unsupported.jaxws" value="true" />
    <property name="libs.restlib.javadoc" value="/Users/khannoori/OpenESB-v2.3.1/netbeans.app/Contents/Resources/netbeans/enterprise/docs/jersey-1.13-javadoc.zip:/Users/khannoori/OpenESB-v2.3.1/netbeans.app/Contents/Resources/netbeans/enterprise/docs/jersey-apache-client-1.13-javadoc.zip:/Users/khannoori/OpenESB-v2.3.1/netbeans.app/Contents/Resources/netbeans/enterprise/docs/jersey-atom-abdera-1.13-javadoc.zip:/Users/khannoori/OpenESB-v2.3.1/netbeans.app/Contents/Resources/netbeans/enterprise/docs/jersey-guice-1.13-javadoc.zip:/Users/khannoori/OpenESB-v2.3.1/netbeans.app/Contents/Resources/netbeans/enterprise/docs/jersey-multipart-1.13-javadoc.zip:/Users/khannoori/OpenESB-v2.3.1/netbeans.app/Contents/Resources/netbeans/enterprise/docs/jersey-simple-server-1.13-javadoc.zip:/Users/khannoori/OpenESB-v2.3.1/netbeans.app/Contents/Resources/netbeans/enterprise/docs/jersey-spring-1.13-javadoc.zip:/Users/khannoori/OpenESB-v2.3.1/netbeans.app/Contents/Resources/netbeans/enterprise/docs/oauth-client-1.13-javadoc.zip:/Users/khannoori/OpenESB-v2.3.1/netbeans.app/Contents/Resources/netbeans/enterprise/docs/oauth-server-1.13-javadoc.zip:/Users/khannoori/OpenESB-v2.3.1/netbeans.app/Contents/Resources/netbeans/enterprise/docs/oauth-signature-1.13-javadoc.zip" />
    <property name="libs.JAXB-ENDORSED.classpath" value="/Users/khannoori/OpenESB-v2.3.1/netbeans.app/Contents/Resources/netbeans/ide/modules/ext/jaxb/api/jaxb-api.jar" />
    <property name="libs.eclipselink.classpath" value="/Users/khannoori/OpenESB-v2.3.1/netbeans.app/Contents/Resources/netbeans/java/modules/ext/eclipselink/eclipselink.jar:/Users/khannoori/OpenESB-v2.3.1/netbeans.app/Contents/Resources/netbeans/java/modules/ext/eclipselink/javax.persistence_2.1.0.v201304241213.jar:/Users/khannoori/OpenESB-v2.3.1/netbeans.app/Contents/Resources/netbeans/java/modules/ext/eclipselink/org.eclipse.persistence.jpa.jpql_2.5.0.v20130507-3faac2b.jar" />
    <property name="libs.javaee-api-7.0.javadoc" value="/Users/khannoori/OpenESB-v2.3.1/netbeans.app/Contents/Resources/netbeans/enterprise/docs/javaee-doc-api.jar" />
    <property name="java.awt.graphicsenv" value="apple.awt.CGraphicsEnvironment" />
    <property name="libs.beans-binding.javadoc" value="/Users/khannoori/OpenESB-v2.3.1/netbeans.app/Contents/Resources/netbeans/java/docs/beansbinding-1.2.1-doc.zip" />
    <property name="java.vm.vendor" value="Apple Inc." />
    <property name="libs.CopyLibs.classpath" value="/Users/khannoori/OpenESB-v2.3.1/netbeans.app/Contents/Resources/netbeans/java/ant/extra/org-netbeans-modules-java-j2seproject-copylibstask.jar" />
    <property name="libs.spring-framework300.classpath" value="/Users/khannoori/OpenESB-v2.3.1/netbeans.app/Contents/Resources/netbeans/ide/modules/org-apache-commons-logging.jar:/Users/khannoori/OpenESB-v2.3.1/netbeans.app/Contents/Resources/netbeans/java/modules/ext/cglib-2.2.jar:/Users/khannoori/OpenESB-v2.3.1/netbeans.app/Contents/Resources/netbeans/java/modules/ext/spring-3.0/spring-aop-3.1.1.RELEASE.jar:/Users/khannoori/OpenESB-v2.3.1/netbeans.app/Contents/Resources/netbeans/java/modules/ext/spring-3.0/spring-asm-3.1.1.RELEASE.jar:/Users/khannoori/OpenESB-v2.3.1/netbeans.app/Contents/Resources/netbeans/java/modules/ext/spring-3.0/spring-aspects-3.1.1.RELEASE.jar:/Users/khannoori/OpenESB-v2.3.1/netbeans.app/Contents/Resources/netbeans/java/modules/ext/spring-3.0/spring-beans-3.1.1.RELEASE.jar:/Users/khannoori/OpenESB-v2.3.1/netbeans.app/Contents/Resources/netbeans/java/modules/ext/spring-3.0/spring-context-3.1.1.RELEASE.jar:/Users/khannoori/OpenESB-v2.3.1/netbeans.app/Contents/Resources/netbeans/java/modules/ext/spring-3.0/spring-context-support-3.1.1.RELEASE.jar:/Users/khannoori/OpenESB-v2.3.1/netbeans.app/Contents/Resources/netbeans/java/modules/ext/spring-3.0/spring-core-3.1.1.RELEASE.jar:/Users/khannoori/OpenESB-v2.3.1/netbeans.app/Contents/Resources/netbeans/java/modules/ext/spring-3.0/spring-expression-3.1.1.RELEASE.jar:/Users/khannoori/OpenESB-v2.3.1/netbeans.app/Contents/Resources/netbeans/java/modules/ext/spring-3.0/spring-instrument-3.1.1.RELEASE.jar:/Users/khannoori/OpenESB-v2.3.1/netbeans.app/Contents/Resources/netbeans/java/modules/ext/spring-3.0/spring-instrument-tomcat-3.1.1.RELEASE.jar:/Users/khannoori/OpenESB-v2.3.1/netbeans.app/Contents/Resources/netbeans/java/modules/ext/spring-3.0/spring-jdbc-3.1.1.RELEASE.jar:/Users/khannoori/OpenESB-v2.3.1/netbeans.app/Contents/Resources/netbeans/java/modules/ext/spring-3.0/spring-jms-3.1.1.RELEASE.jar:/Users/khannoori/OpenESB-v2.3.1/netbeans.app/Contents/Resources/netbeans/java/modules/ext/spring-3.0/spring-orm-3.1.1.RELEASE.jar:/Users/khannoori/OpenESB-v2.3.1/netbeans.app/Contents/Resources/netbeans/java/modules/ext/spring-3.0/spring-oxm-3.1.1.RELEASE.jar:/Users/khannoori/OpenESB-v2.3.1/netbeans.app/Contents/Resources/netbeans/java/modules/ext/spring-3.0/spring-test-3.1.1.RELEASE.jar:/Users/khannoori/OpenESB-v2.3.1/netbeans.app/Contents/Resources/netbeans/java/modules/ext/spring-3.0/spring-tx-3.1.1.RELEASE.jar:/Users/khannoori/OpenESB-v2.3.1/netbeans.app/Contents/Resources/netbeans/java/modules/ext/spring-3.0/spring-web-3.1.1.RELEASE.jar:/Users/khannoori/OpenESB-v2.3.1/netbeans.app/Contents/Resources/netbeans/java/modules/ext/spring-3.0/spring-webmvc-portlet-3.1.1.RELEASE.jar:/Users/khannoori/OpenESB-v2.3.1/netbeans.app/Contents/Resources/netbeans/java/modules/ext/spring-3.0/spring-webmvc-3.1.1.RELEASE.jar:/Users/khannoori/OpenESB-v2.3.1/netbeans.app/Contents/Resources/netbeans/java/modules/ext/spring-3.0/spring-struts-3.1.1.RELEASE.jar" />
    <property name="libs.jsp-compiler.maven-pom" value="" />
    <property name="libs.Encoder-COCO.classpath" value="/Users/khannoori/OpenESB-v2.3.1/netbeans.app/Contents/Resources/netbeans/soa/modules/ext/coco.jar:/Users/khannoori/OpenESB-v2.3.1/netbeans.app/Contents/Resources/netbeans/soa/modules/ext/cocoencoder-xsdextension.jar" />
    <property name="libs.spring-webmvc.maven-pom" value="" />
    <property name="run.jvmargs" value="" />
    <property name="libs.ejb3-persistence.classpath" value="/Users/khannoori/OpenESB-v2.3.1/netbeans.app/Contents/Resources/netbeans/java/modules/ext/hibernate/ejb3-persistence.jar" />
    <property name="libs.JAXB-ENDORSED.src" value="" />
    <property name="libs.spring-framework.javadoc" value="" />
    <property name="libs.testng.javadoc" value="/Users/khannoori/OpenESB-v2.3.1/netbeans.app/Contents/Resources/netbeans/platform/docs/testng-6.5.1-javadoc.zip" />
    <property name="libs.PostgreSQLDriver.classpath" value="/Users/khannoori/OpenESB-v2.3.1/netbeans.app/Contents/Resources/netbeans/ide/modules/ext/postgresql-9.2-1002.jdbc4.jar" />
    <property name="libs.jsf12.maven-pom" value="" />
    <property name="soa.module.install.dir" value="/Users/khannoori/OpenESB-v2.3.1/netbeans.app/Contents/Resources/netbeans/soa/modules" />
    <property name="libs.Encoder-Custom.src" value="" />
    <property name="libs.junit.src" value="" />
    <property name="annotation.processing.source.output" value="build/generated-sources/ap-source-output" />
    <property name="main.class" value="" />
    <property name="libs.CopyLibs.src" value="" />
    <property name="build.dir" value="build" />
    <property name="libs.jsp-compilation.classpath" value="/Users/khannoori/OpenESB-v2.3.1/netbeans.app/Contents/Resources/netbeans/java/ant/lib/ant.jar:/Users/khannoori/OpenESB-v2.3.1/netbeans.app/Contents/Resources/netbeans/enterprise/modules/ext/servlet3.1-jsp2.3-api.jar:/Users/khannoori/OpenESB-v2.3.1/netbeans.app/Contents/Resources/netbeans/enterprise/modules/ext/glassfish-jspparser-4.0.jar:/Users/khannoori/OpenESB-v2.3.1/netbeans.app/Contents/Resources/netbeans/enterprise/modules/ext/jsf-2_2/javax.faces.jar:/Users/khannoori/OpenESB-v2.3.1/netbeans.app/Contents/Resources/netbeans/enterprise/modules/ext/jstl.jar:/Users/khannoori/OpenESB-v2.3.1/netbeans.app/Contents/Resources/netbeans/java/ant/lib/ant-launcher.jar" />
    <property name="ant.version" value="Apache Ant(TM) version 1.8.4 compiled on May 22 2012" />
    <property name="build.classes.excludes" value="**/*.java,**/*.form" />
    <property name="file.encoding" value="MacRoman" />
    <property name="javadoc.nonavbar" value="false" />
    <property name="jdkBug6558476" value="false" />
    <property name="platform.active" value="default_platform" />
    <property name="awt.toolkit" value="apple.awt.CToolkit" />
    <property name="libs.javaee-web-api-7.0.javadoc" value="/Users/khannoori/OpenESB-v2.3.1/netbeans.app/Contents/Resources/netbeans/enterprise/docs/javaee-doc-api.jar" />
  </properties>
  <testcase classname="dtu.ws.group8.lameduck.client.LameDuckTest" name="testGetFlights" time="2.79">
    <error message="The server sent HTTP status code 404: Not Found" type="com.sun.xml.internal.ws.client.ClientTransportException">com.sun.xml.internal.ws.client.ClientTransportException: The server sent HTTP status code 404: Not Found
	at com.sun.xml.internal.ws.transport.http.client.HttpTransportPipe.checkStatusCode(HttpTransportPipe.java:196)
	at com.sun.xml.internal.ws.transport.http.client.HttpTransportPipe.process(HttpTransportPipe.java:168)
	at com.sun.xml.internal.ws.transport.http.client.HttpTransportPipe.processRequest(HttpTransportPipe.java:83)
	at com.sun.xml.internal.ws.transport.DeferredTransportPipe.processRequest(DeferredTransportPipe.java:105)
	at com.sun.xml.internal.ws.api.pipe.Fiber.__doRun(Fiber.java:587)
	at com.sun.xml.internal.ws.api.pipe.Fiber._doRun(Fiber.java:546)
	at com.sun.xml.internal.ws.api.pipe.Fiber.doRun(Fiber.java:531)
	at com.sun.xml.internal.ws.api.pipe.Fiber.runSync(Fiber.java:428)
	at com.sun.xml.internal.ws.client.Stub.process(Stub.java:211)
	at com.sun.xml.internal.ws.client.sei.SEIStub.doProcess(SEIStub.java:138)
	at com.sun.xml.internal.ws.client.sei.SyncMethodHandler.invoke(SyncMethodHandler.java:98)
	at com.sun.xml.internal.ws.client.sei.SyncMethodHandler.invoke(SyncMethodHandler.java:78)
	at com.sun.xml.internal.ws.client.sei.SEIStub.invoke(SEIStub.java:110)
	at com.sun.proxy.$Proxy29.lameDuck(Unknown Source)
	at dtu.ws.group8.lameduck.client.LameDuckTest.testGetFlights(LameDuckTest.java:44)
</error>
  </testcase>
  <system-out><![CDATA[]]></system-out>
  <system-err><![CDATA[]]></system-err>
</testsuite>
